{
  "stats": {
    "suites": 1,
    "tests": 1,
    "passes": 1,
    "pending": 0,
    "failures": 0,
    "start": "2025-06-03T13:28:36.271Z",
    "end": "2025-06-03T13:28:36.590Z",
    "duration": 319,
    "testsRegistered": 1,
    "passPercent": 100,
    "pendingPercent": 0,
    "other": 0,
    "hasOther": false,
    "skipped": 0,
    "hasSkipped": false
  },
  "results": [
    {
      "uuid": "71e95042-2da3-4461-950c-912e79704918",
      "title": "",
      "fullFile": "cypress/e2e/pets/delete-pet.cy.js",
      "file": "cypress/e2e/pets/delete-pet.cy.js",
      "beforeHooks": [],
      "afterHooks": [],
      "tests": [],
      "suites": [
        {
          "uuid": "7685f96a-85ba-4c10-8295-542a909f2780",
          "title": "Pet API - Delete Pet",
          "fullFile": "",
          "file": "",
          "beforeHooks": [],
          "afterHooks": [],
          "tests": [
            {
              "title": "[PET-001] should delete a pet by ID",
              "fullTitle": "Pet API - Delete Pet [PET-001] should delete a pet by ID",
              "timedOut": null,
              "duration": 307,
              "state": "passed",
              "speed": "fast",
              "pass": true,
              "fail": false,
              "pending": false,
              "context": null,
              "code": "cy.createResource(\"pet.json\", \"deleteCreatedPet\", `/pet`).then(id => {\n  cy.api({\n    method: \"DELETE\",\n    url: `/${id}`,\n    failOnStatusCode: false,\n    headers: {\n      api_key: Cypress.env(\"API_KEY\")\n    }\n  }).then(deleteResponse => {\n    expect([200, 404]).to.include(deleteResponse.status);\n    cy.log(`Deleted pet with ID: ${id}`);\n  });\n});",
              "err": {},
              "uuid": "e662dfc7-485c-4d99-b1e5-5e53a87ce8e1",
              "parentUUID": "7685f96a-85ba-4c10-8295-542a909f2780",
              "isHook": false,
              "skipped": false
            }
          ],
          "suites": [],
          "passes": [
            "e662dfc7-485c-4d99-b1e5-5e53a87ce8e1"
          ],
          "failures": [],
          "pending": [],
          "skipped": [],
          "duration": 307,
          "root": false,
          "rootEmpty": false,
          "_timeout": 2000
        }
      ],
      "passes": [],
      "failures": [],
      "pending": [],
      "skipped": [],
      "duration": 0,
      "root": true,
      "rootEmpty": true,
      "_timeout": 2000
    }
  ],
  "meta": {
    "mocha": {
      "version": "7.2.0"
    },
    "mochawesome": {
      "options": {
        "quiet": false,
        "reportFilename": "mochawesome",
        "saveHtml": false,
        "saveJson": true,
        "consoleReporter": "spec",
        "useInlineDiffs": false,
        "code": true
      },
      "version": "7.1.3"
    },
    "marge": {
      "options": {
        "charts": true,
        "reportDir": "reports/mochawesome",
        "overwrite": false,
        "html": false,
        "json": true
      },
      "version": "6.2.0"
    }
  }
}